*** Using Compiler 'V5.06 update 7 (build 960)', folder: 'C:\Keil_v5\ARM\ARM_Compiler_5.06u7\Bin'
Rebuild target 'STM32F103C8T6_Balance-Car'
assembling startup_stm32f103xb.s...
compiling adc.c...
compiling stm32f1xx_it.c...
compiling spi.c...
compiling gpio.c...
compiling tim.c...
compiling stm32f1xx_hal_adc.c...
compiling stm32f1xx_hal_adc_ex.c...
compiling stm32f1xx_hal_rcc.c...
compiling stm32f1xx_hal_gpio_ex.c...
compiling stm32f1xx_hal_dma.c...
compiling stm32f1xx_hal_rcc_ex.c...
compiling usart.c...
compiling main.c...
compiling stm32f1xx_hal_msp.c...
compiling stm32f1xx_hal_gpio.c...
compiling stm32f1xx_hal.c...
compiling stm32f1xx_hal_flash_ex.c...
compiling stm32f1xx_hal_pwr.c...
compiling stm32f1xx_hal_exti.c...
compiling stm32f1xx_hal_spi.c...
compiling stm32f1xx_hal_tim_ex.c...
compiling stm32f1xx_hal_uart.c...
compiling oled_hal.c...
compiling stm32f1xx_hal_flash.c...
compiling filter.c...
compiling DataScope_DP.C...
compiling stm32f1xx_hal_tim.c...
compiling stm32f1xx_hal_cortex.c...
compiling led.c...
compiling system_stm32f1xx.c...
compiling encoder.c...
compiling ioi2c.c...
compiling usart3.c...
compiling oled_show.c...
compiling delay.c...
compiling inv_mpu.c...
compiling sys.c...
compiling inv_mpu_dmp_motion_driver.c...
compiling MPU6050.c...
compiling control.c...
..\Balance\CONTROL\control.c(157): warning:  #550-D: variable "Movement"  was set but never used
  	static float velocity, Encoder_Least, Encoder_bias, Movement;
..\Balance\CONTROL\control.c(316): warning:  #550-D: variable "accel_x"  was set but never used
  	float gyro_x, gyro_y, accel_x, accel_y, accel_z;
..\Balance\CONTROL\control.c(316): warning:  #550-D: variable "accel_y"  was set but never used
  	float gyro_x, gyro_y, accel_x, accel_y, accel_z;
..\Balance\CONTROL\control.c(316): warning:  #550-D: variable "accel_z"  was set but never used
  	float gyro_x, gyro_y, accel_x, accel_y, accel_z;
..\Balance\CONTROL\control.c: 4 warnings, 0 errors
linking...
Program Size: Code=37034 RO-data=10566 RW-data=424 ZI-data=3456  
FromELF: creating hex file...
"STM32F103C8T6_Balance-Car\STM32F103C8T6_Balance-Car.axf" - 0 Error(s), 4 Warning(s).
Build Time Elapsed:  00:00:10
